<?xml version="1.0" encoding="UTF-8"?>
<!-- Generated by org.testng.reporters.JUnitXMLReporter -->
<testsuite ignored="0" hostname="SDS-SARATH-KJ-MAC.Dlink" failures="0" tests="9" name="Test" time="0.033" errors="0" timestamp="08 Dec 2019 17:09:59 GMT">
  <testcase classname="com.thoughworks.practice.pom_practice.AppTest" name="div" time="0.007"/>
  <testcase classname="com.thoughworks.practice.pom_practice.AppTest" name="sub" time="0.0"/>
  <testcase classname="com.thoughworks.practice.pom_practice.AppTest" name="sum" time="0.0"/>
  <testcase classname="com.thoughworks.practice.pom_practice.AppTest3" name="div" time="0.0"/>
  <testcase classname="com.thoughworks.practice.pom_practice.AppTest3" name="sub" time="0.0"/>
  <testcase classname="com.thoughworks.practice.pom_practice.AppTest3" name="sum" time="0.0"/>
  <testcase classname="com.thoughworks.practice.pom_practice.AppTest2" name="div" time="0.0"/>
  <testcase classname="com.thoughworks.practice.pom_practice.AppTest2" name="sub" time="0.0"/>
  <testcase classname="com.thoughworks.practice.pom_practice.AppTest2" name="sum" time="0.0"/>
</testsuite> <!-- Test -->
