<?xml version="1.0" encoding="UTF-8"?>
<testng-results ignored="0" total="9" passed="9" failed="0" skipped="0">
  <reporter-output>
  </reporter-output>
  <suite started-at="2019-12-08T17:09:59Z" name="Suite" finished-at="2019-12-08T17:09:59Z" duration-ms="33">
    <groups>
    </groups>
    <test started-at="2019-12-08T17:09:59Z" name="Test" finished-at="2019-12-08T17:09:59Z" duration-ms="33">
      <class name="com.thoughworks.practice.pom_practice.AppTest3">
        <test-method signature="div()[pri:0, instance:com.thoughworks.practice.pom_practice.AppTest3@62ddbd7e]" started-at="2019-12-08T17:09:59Z" name="div" finished-at="2019-12-08T17:09:59Z" duration-ms="0" status="PASS">
          <reporter-output>
          </reporter-output>
        </test-method> <!-- div -->
        <test-method signature="sub()[pri:0, instance:com.thoughworks.practice.pom_practice.AppTest3@62ddbd7e]" started-at="2019-12-08T17:09:59Z" name="sub" finished-at="2019-12-08T17:09:59Z" duration-ms="0" status="PASS">
          <reporter-output>
          </reporter-output>
        </test-method> <!-- sub -->
        <test-method signature="sum()[pri:0, instance:com.thoughworks.practice.pom_practice.AppTest3@62ddbd7e]" started-at="2019-12-08T17:09:59Z" name="sum" finished-at="2019-12-08T17:09:59Z" duration-ms="0" status="PASS">
          <reporter-output>
          </reporter-output>
        </test-method> <!-- sum -->
      </class> <!-- com.thoughworks.practice.pom_practice.AppTest3 -->
      <class name="com.thoughworks.practice.pom_practice.AppTest2">
        <test-method signature="sub()[pri:0, instance:com.thoughworks.practice.pom_practice.AppTest2@74e52ef6]" started-at="2019-12-08T17:09:59Z" name="sub" finished-at="2019-12-08T17:09:59Z" duration-ms="0" status="PASS">
          <reporter-output>
          </reporter-output>
        </test-method> <!-- sub -->
        <test-method signature="div()[pri:0, instance:com.thoughworks.practice.pom_practice.AppTest2@74e52ef6]" started-at="2019-12-08T17:09:59Z" name="div" finished-at="2019-12-08T17:09:59Z" duration-ms="0" status="PASS">
          <reporter-output>
          </reporter-output>
        </test-method> <!-- div -->
        <test-method signature="sum()[pri:0, instance:com.thoughworks.practice.pom_practice.AppTest2@74e52ef6]" started-at="2019-12-08T17:09:59Z" name="sum" finished-at="2019-12-08T17:09:59Z" duration-ms="0" status="PASS">
          <reporter-output>
          </reporter-output>
        </test-method> <!-- sum -->
      </class> <!-- com.thoughworks.practice.pom_practice.AppTest2 -->
      <class name="com.thoughworks.practice.pom_practice.AppTest">
        <test-method signature="div()[pri:0, instance:com.thoughworks.practice.pom_practice.AppTest@4116aac9]" started-at="2019-12-08T17:09:59Z" name="div" finished-at="2019-12-08T17:09:59Z" duration-ms="7" status="PASS">
          <reporter-output>
          </reporter-output>
        </test-method> <!-- div -->
        <test-method signature="sub()[pri:0, instance:com.thoughworks.practice.pom_practice.AppTest@4116aac9]" started-at="2019-12-08T17:09:59Z" name="sub" finished-at="2019-12-08T17:09:59Z" duration-ms="0" status="PASS">
          <reporter-output>
          </reporter-output>
        </test-method> <!-- sub -->
        <test-method signature="sum()[pri:0, instance:com.thoughworks.practice.pom_practice.AppTest@4116aac9]" started-at="2019-12-08T17:09:59Z" name="sum" finished-at="2019-12-08T17:09:59Z" duration-ms="0" status="PASS">
          <reporter-output>
          </reporter-output>
        </test-method> <!-- sum -->
      </class> <!-- com.thoughworks.practice.pom_practice.AppTest -->
    </test> <!-- Test -->
  </suite> <!-- Suite -->
</testng-results>
